{"C:\\Users\\User\\ReceitasGC\\src\\receita-utils.js": {"path":"C:\\Users\\User\\ReceitasGC\\src\\receita-utils.js","statementMap":{"0":{"start":{"line":1,"column":22},"end":{"line":1,"column":41}},"1":{"start":{"line":4,"column":21},"end":{"line":4,"column":60}},"2":{"start":{"line":5,"column":2},"end":{"line":5,"column":79}},"3":{"start":{"line":5,"column":61},"end":{"line":5,"column":79}},"4":{"start":{"line":6,"column":14},"end":{"line":6,"column":74}},"5":{"start":{"line":7,"column":23},"end":{"line":7,"column":65}},"6":{"start":{"line":8,"column":2},"end":{"line":8,"column":40}},"7":{"start":{"line":12,"column":21},"end":{"line":12,"column":23}},"8":{"start":{"line":13,"column":17},"end":{"line":13,"column":19}},"9":{"start":{"line":14,"column":10},"end":{"line":14,"column":11}},"10":{"start":{"line":15,"column":2},"end":{"line":19,"column":3}},"11":{"start":{"line":16,"column":4},"end":{"line":16,"column":44}},"12":{"start":{"line":17,"column":4},"end":{"line":17,"column":38}},"13":{"start":{"line":18,"column":4},"end":{"line":18,"column":11}},"14":{"start":{"line":20,"column":2},"end":{"line":24,"column":3}},"15":{"start":{"line":21,"column":4},"end":{"line":21,"column":45}},"16":{"start":{"line":22,"column":4},"end":{"line":22,"column":38}},"17":{"start":{"line":23,"column":4},"end":{"line":23,"column":11}},"18":{"start":{"line":25,"column":16},"end":{"line":25,"column":76}},"19":{"start":{"line":26,"column":2},"end":{"line":26,"column":27}},"20":{"start":{"line":30,"column":16},"end":{"line":30,"column":18}},"21":{"start":{"line":31,"column":2},"end":{"line":31,"column":99}},"22":{"start":{"line":31,"column":28},"end":{"line":31,"column":99}},"23":{"start":{"line":32,"column":2},"end":{"line":32,"column":99}},"24":{"start":{"line":32,"column":28},"end":{"line":32,"column":99}},"25":{"start":{"line":33,"column":2},"end":{"line":33,"column":78}},"26":{"start":{"line":37,"column":2},"end":{"line":37,"column":25}},"27":{"start":{"line":37,"column":14},"end":{"line":37,"column":25}},"28":{"start":{"line":38,"column":12},"end":{"line":38,"column":59}},"29":{"start":{"line":39,"column":2},"end":{"line":39,"column":54}},"30":{"start":{"line":39,"column":33},"end":{"line":39,"column":54}},"31":{"start":{"line":40,"column":2},"end":{"line":40,"column":39}},"32":{"start":{"line":44,"column":2},"end":{"line":44,"column":25}},"33":{"start":{"line":44,"column":14},"end":{"line":44,"column":25}},"34":{"start":{"line":45,"column":12},"end":{"line":45,"column":59}},"35":{"start":{"line":46,"column":2},"end":{"line":46,"column":54}},"36":{"start":{"line":46,"column":33},"end":{"line":46,"column":54}},"37":{"start":{"line":47,"column":2},"end":{"line":51,"column":5}},"38":{"start":{"line":55,"column":2},"end":{"line":61,"column":4}},"39":{"start":{"line":65,"column":12},"end":{"line":65,"column":72}},"40":{"start":{"line":66,"column":2},"end":{"line":66,"column":48}},"41":{"start":{"line":66,"column":36},"end":{"line":66,"column":48}},"42":{"start":{"line":67,"column":2},"end":{"line":67,"column":35}},"43":{"start":{"line":71,"column":2},"end":{"line":71,"column":20}},"44":{"start":{"line":71,"column":10},"end":{"line":71,"column":20}},"45":{"start":{"line":72,"column":2},"end":{"line":72,"column":61}},"46":{"start":{"line":72,"column":25},"end":{"line":72,"column":61}},"47":{"start":{"line":73,"column":12},"end":{"line":73,"column":21}},"48":{"start":{"line":74,"column":2},"end":{"line":74,"column":58}},"49":{"start":{"line":74,"column":36},"end":{"line":74,"column":58}},"50":{"start":{"line":75,"column":2},"end":{"line":80,"column":3}},"51":{"start":{"line":76,"column":14},"end":{"line":76,"column":25}},"52":{"start":{"line":77,"column":4},"end":{"line":77,"column":72}},"53":{"start":{"line":77,"column":36},"end":{"line":77,"column":72}},"54":{"start":{"line":81,"column":2},"end":{"line":81,"column":12}},"55":{"start":{"line":85,"column":2},"end":{"line":85,"column":52}},"56":{"start":{"line":88,"column":0},"end":{"line":98,"column":2}}},"fnMap":{"0":{"name":"normalizeReceitaListFilters","decl":{"start":{"line":3,"column":9},"end":{"line":3,"column":36}},"loc":{"start":{"line":3,"column":44},"end":{"line":9,"column":1}},"line":3},"1":{"name":"buildReceitaListWhere","decl":{"start":{"line":11,"column":9},"end":{"line":11,"column":30}},"loc":{"start":{"line":11,"column":40},"end":{"line":27,"column":1}},"line":11},"2":{"name":"buildPdfExportHref","decl":{"start":{"line":29,"column":9},"end":{"line":29,"column":27}},"loc":{"start":{"line":29,"column":37},"end":{"line":34,"column":1}},"line":29},"3":{"name":"formatDatePdf","decl":{"start":{"line":36,"column":9},"end":{"line":36,"column":22}},"loc":{"start":{"line":36,"column":30},"end":{"line":41,"column":1}},"line":36},"4":{"name":"formatDateBR","decl":{"start":{"line":43,"column":9},"end":{"line":43,"column":21}},"loc":{"start":{"line":43,"column":29},"end":{"line":52,"column":1}},"line":43},"5":{"name":"parseReceitaBody","decl":{"start":{"line":54,"column":9},"end":{"line":54,"column":25}},"loc":{"start":{"line":54,"column":32},"end":{"line":62,"column":1}},"line":54},"6":{"name":"parseCusto","decl":{"start":{"line":64,"column":9},"end":{"line":64,"column":19}},"loc":{"start":{"line":64,"column":25},"end":{"line":68,"column":1}},"line":64},"7":{"name":"toDateInputValue","decl":{"start":{"line":70,"column":9},"end":{"line":70,"column":25}},"loc":{"start":{"line":70,"column":29},"end":{"line":82,"column":1}},"line":70},"8":{"name":"custoDisplayFromDb","decl":{"start":{"line":84,"column":9},"end":{"line":84,"column":27}},"loc":{"start":{"line":84,"column":35},"end":{"line":86,"column":1}},"line":84}},"branchMap":{"0":{"loc":{"start":{"line":4,"column":28},"end":{"line":4,"column":52}},"type":"binary-expr","locations":[{"start":{"line":4,"column":28},"end":{"line":4,"column":46}},{"start":{"line":4,"column":50},"end":{"line":4,"column":52}}],"line":4},"1":{"loc":{"start":{"line":5,"column":2},"end":{"line":5,"column":79}},"type":"if","locations":[{"start":{"line":5,"column":2},"end":{"line":5,"column":79}},{"start":{},"end":{}}],"line":5},"2":{"loc":{"start":{"line":5,"column":6},"end":{"line":5,"column":59}},"type":"binary-expr","locations":[{"start":{"line":5,"column":6},"end":{"line":5,"column":18}},{"start":{"line":5,"column":22},"end":{"line":5,"column":59}}],"line":5},"3":{"loc":{"start":{"line":6,"column":21},"end":{"line":6,"column":66}},"type":"binary-expr","locations":[{"start":{"line":6,"column":21},"end":{"line":6,"column":39}},{"start":{"line":6,"column":43},"end":{"line":6,"column":60}},{"start":{"line":6,"column":64},"end":{"line":6,"column":66}}],"line":6},"4":{"loc":{"start":{"line":7,"column":23},"end":{"line":7,"column":65}},"type":"cond-expr","locations":[{"start":{"line":7,"column":57},"end":{"line":7,"column":60}},{"start":{"line":7,"column":63},"end":{"line":7,"column":65}}],"line":7},"5":{"loc":{"start":{"line":15,"column":2},"end":{"line":19,"column":3}},"type":"if","locations":[{"start":{"line":15,"column":2},"end":{"line":19,"column":3}},{"start":{},"end":{}}],"line":15},"6":{"loc":{"start":{"line":20,"column":2},"end":{"line":24,"column":3}},"type":"if","locations":[{"start":{"line":20,"column":2},"end":{"line":24,"column":3}},{"start":{},"end":{}}],"line":20},"7":{"loc":{"start":{"line":25,"column":16},"end":{"line":25,"column":76}},"type":"cond-expr","locations":[{"start":{"line":25,"column":36},"end":{"line":25,"column":71}},{"start":{"line":25,"column":74},"end":{"line":25,"column":76}}],"line":25},"8":{"loc":{"start":{"line":31,"column":2},"end":{"line":31,"column":99}},"type":"if","locations":[{"start":{"line":31,"column":2},"end":{"line":31,"column":99}},{"start":{},"end":{}}],"line":31},"9":{"loc":{"start":{"line":32,"column":2},"end":{"line":32,"column":99}},"type":"if","locations":[{"start":{"line":32,"column":2},"end":{"line":32,"column":99}},{"start":{},"end":{}}],"line":32},"10":{"loc":{"start":{"line":33,"column":34},"end":{"line":33,"column":75}},"type":"cond-expr","locations":[{"start":{"line":33,"column":49},"end":{"line":33,"column":70}},{"start":{"line":33,"column":73},"end":{"line":33,"column":75}}],"line":33},"11":{"loc":{"start":{"line":37,"column":2},"end":{"line":37,"column":25}},"type":"if","locations":[{"start":{"line":37,"column":2},"end":{"line":37,"column":25}},{"start":{},"end":{}}],"line":37},"12":{"loc":{"start":{"line":38,"column":12},"end":{"line":38,"column":59}},"type":"cond-expr","locations":[{"start":{"line":38,"column":36},"end":{"line":38,"column":41}},{"start":{"line":38,"column":44},"end":{"line":38,"column":59}}],"line":38},"13":{"loc":{"start":{"line":39,"column":2},"end":{"line":39,"column":54}},"type":"if","locations":[{"start":{"line":39,"column":2},"end":{"line":39,"column":54}},{"start":{},"end":{}}],"line":39},"14":{"loc":{"start":{"line":44,"column":2},"end":{"line":44,"column":25}},"type":"if","locations":[{"start":{"line":44,"column":2},"end":{"line":44,"column":25}},{"start":{},"end":{}}],"line":44},"15":{"loc":{"start":{"line":45,"column":12},"end":{"line":45,"column":59}},"type":"cond-expr","locations":[{"start":{"line":45,"column":36},"end":{"line":45,"column":41}},{"start":{"line":45,"column":44},"end":{"line":45,"column":59}}],"line":45},"16":{"loc":{"start":{"line":46,"column":2},"end":{"line":46,"column":54}},"type":"if","locations":[{"start":{"line":46,"column":2},"end":{"line":46,"column":54}},{"start":{},"end":{}}],"line":46},"17":{"loc":{"start":{"line":56,"column":17},"end":{"line":56,"column":32}},"type":"binary-expr","locations":[{"start":{"line":56,"column":17},"end":{"line":56,"column":26}},{"start":{"line":56,"column":30},"end":{"line":56,"column":32}}],"line":56},"18":{"loc":{"start":{"line":57,"column":22},"end":{"line":57,"column":42}},"type":"binary-expr","locations":[{"start":{"line":57,"column":22},"end":{"line":57,"column":36}},{"start":{"line":57,"column":40},"end":{"line":57,"column":42}}],"line":57},"19":{"loc":{"start":{"line":58,"column":26},"end":{"line":58,"column":50}},"type":"binary-expr","locations":[{"start":{"line":58,"column":26},"end":{"line":58,"column":44}},{"start":{"line":58,"column":48},"end":{"line":58,"column":50}}],"line":58},"20":{"loc":{"start":{"line":59,"column":18},"end":{"line":59,"column":34}},"type":"binary-expr","locations":[{"start":{"line":59,"column":18},"end":{"line":59,"column":28}},{"start":{"line":59,"column":32},"end":{"line":59,"column":34}}],"line":59},"21":{"loc":{"start":{"line":60,"column":25},"end":{"line":60,"column":48}},"type":"binary-expr","locations":[{"start":{"line":60,"column":25},"end":{"line":60,"column":42}},{"start":{"line":60,"column":46},"end":{"line":60,"column":48}}],"line":60},"22":{"loc":{"start":{"line":66,"column":2},"end":{"line":66,"column":48}},"type":"if","locations":[{"start":{"line":66,"column":2},"end":{"line":66,"column":48}},{"start":{},"end":{}}],"line":66},"23":{"loc":{"start":{"line":66,"column":6},"end":{"line":66,"column":34}},"type":"binary-expr","locations":[{"start":{"line":66,"column":6},"end":{"line":66,"column":25}},{"start":{"line":66,"column":29},"end":{"line":66,"column":34}}],"line":66},"24":{"loc":{"start":{"line":71,"column":2},"end":{"line":71,"column":20}},"type":"if","locations":[{"start":{"line":71,"column":2},"end":{"line":71,"column":20}},{"start":{},"end":{}}],"line":71},"25":{"loc":{"start":{"line":72,"column":2},"end":{"line":72,"column":61}},"type":"if","locations":[{"start":{"line":72,"column":2},"end":{"line":72,"column":61}},{"start":{},"end":{}}],"line":72},"26":{"loc":{"start":{"line":74,"column":2},"end":{"line":74,"column":58}},"type":"if","locations":[{"start":{"line":74,"column":2},"end":{"line":74,"column":58}},{"start":{},"end":{}}],"line":74},"27":{"loc":{"start":{"line":77,"column":4},"end":{"line":77,"column":72}},"type":"if","locations":[{"start":{"line":77,"column":4},"end":{"line":77,"column":72}},{"start":{},"end":{}}],"line":77}},"s":{"0":1,"1":9,"2":9,"3":1,"4":9,"5":9,"6":9,"7":5,"8":5,"9":5,"10":5,"11":3,"12":3,"13":3,"14":5,"15":3,"16":3,"17":3,"18":5,"19":5,"20":3,"21":3,"22":2,"23":3,"24":1,"25":3,"26":1,"27":0,"28":1,"29":1,"30":1,"31":0,"32":1,"33":0,"34":1,"35":1,"36":0,"37":1,"38":2,"39":9,"40":9,"41":2,"42":7,"43":3,"44":1,"45":2,"46":0,"47":2,"48":2,"49":1,"50":1,"51":1,"52":1,"53":0,"54":1,"55":2,"56":1},"f":{"0":9,"1":5,"2":3,"3":1,"4":1,"5":2,"6":9,"7":3,"8":2},"b":{"0":[9,5],"1":[1,8],"2":[9,4],"3":[9,5,4],"4":[4,5],"5":[3,2],"6":[3,2],"7":[4,1],"8":[2,1],"9":[1,2],"10":[2,1],"11":[0,1],"12":[0,1],"13":[1,0],"14":[0,1],"15":[1,0],"16":[0,1],"17":[2,1],"18":[2,1],"19":[2,1],"20":[2,1],"21":[2,1],"22":[2,7],"23":[9,8],"24":[1,2],"25":[0,2],"26":[1,1],"27":[0,1]},"_coverageSchema":"1a1c01bbd47fc00a2c39e90264f33305004495a9","hash":"d3cf9694ab49c0960883f5b1d6e9042204555175"}
}
