{"C:\\Users\\User\\ReceitasGC\\src\\receita-filters.js": {"path":"C:\\Users\\User\\ReceitasGC\\src\\receita-filters.js","statementMap":{"0":{"start":{"line":1,"column":22},"end":{"line":1,"column":41}},"1":{"start":{"line":4,"column":21},"end":{"line":4,"column":60}},"2":{"start":{"line":5,"column":2},"end":{"line":5,"column":79}},"3":{"start":{"line":5,"column":61},"end":{"line":5,"column":79}},"4":{"start":{"line":6,"column":14},"end":{"line":6,"column":74}},"5":{"start":{"line":7,"column":23},"end":{"line":7,"column":65}},"6":{"start":{"line":8,"column":2},"end":{"line":8,"column":40}},"7":{"start":{"line":12,"column":21},"end":{"line":12,"column":23}},"8":{"start":{"line":13,"column":17},"end":{"line":13,"column":19}},"9":{"start":{"line":14,"column":10},"end":{"line":14,"column":11}},"10":{"start":{"line":15,"column":2},"end":{"line":19,"column":3}},"11":{"start":{"line":16,"column":4},"end":{"line":16,"column":44}},"12":{"start":{"line":17,"column":4},"end":{"line":17,"column":38}},"13":{"start":{"line":18,"column":4},"end":{"line":18,"column":11}},"14":{"start":{"line":20,"column":2},"end":{"line":24,"column":3}},"15":{"start":{"line":21,"column":4},"end":{"line":21,"column":45}},"16":{"start":{"line":22,"column":4},"end":{"line":22,"column":38}},"17":{"start":{"line":23,"column":4},"end":{"line":23,"column":11}},"18":{"start":{"line":25,"column":16},"end":{"line":25,"column":76}},"19":{"start":{"line":26,"column":2},"end":{"line":26,"column":27}},"20":{"start":{"line":29,"column":0},"end":{"line":32,"column":2}}},"fnMap":{"0":{"name":"normalizeReceitaListFilters","decl":{"start":{"line":3,"column":9},"end":{"line":3,"column":36}},"loc":{"start":{"line":3,"column":44},"end":{"line":9,"column":1}},"line":3},"1":{"name":"buildReceitaListWhere","decl":{"start":{"line":11,"column":9},"end":{"line":11,"column":30}},"loc":{"start":{"line":11,"column":40},"end":{"line":27,"column":1}},"line":11}},"branchMap":{"0":{"loc":{"start":{"line":4,"column":28},"end":{"line":4,"column":52}},"type":"binary-expr","locations":[{"start":{"line":4,"column":28},"end":{"line":4,"column":46}},{"start":{"line":4,"column":50},"end":{"line":4,"column":52}}],"line":4},"1":{"loc":{"start":{"line":5,"column":2},"end":{"line":5,"column":79}},"type":"if","locations":[{"start":{"line":5,"column":2},"end":{"line":5,"column":79}},{"start":{},"end":{}}],"line":5},"2":{"loc":{"start":{"line":5,"column":6},"end":{"line":5,"column":59}},"type":"binary-expr","locations":[{"start":{"line":5,"column":6},"end":{"line":5,"column":18}},{"start":{"line":5,"column":22},"end":{"line":5,"column":59}}],"line":5},"3":{"loc":{"start":{"line":6,"column":21},"end":{"line":6,"column":66}},"type":"binary-expr","locations":[{"start":{"line":6,"column":21},"end":{"line":6,"column":39}},{"start":{"line":6,"column":43},"end":{"line":6,"column":60}},{"start":{"line":6,"column":64},"end":{"line":6,"column":66}}],"line":6},"4":{"loc":{"start":{"line":7,"column":23},"end":{"line":7,"column":65}},"type":"cond-expr","locations":[{"start":{"line":7,"column":57},"end":{"line":7,"column":60}},{"start":{"line":7,"column":63},"end":{"line":7,"column":65}}],"line":7},"5":{"loc":{"start":{"line":15,"column":2},"end":{"line":19,"column":3}},"type":"if","locations":[{"start":{"line":15,"column":2},"end":{"line":19,"column":3}},{"start":{},"end":{}}],"line":15},"6":{"loc":{"start":{"line":20,"column":2},"end":{"line":24,"column":3}},"type":"if","locations":[{"start":{"line":20,"column":2},"end":{"line":24,"column":3}},{"start":{},"end":{}}],"line":20},"7":{"loc":{"start":{"line":25,"column":16},"end":{"line":25,"column":76}},"type":"cond-expr","locations":[{"start":{"line":25,"column":36},"end":{"line":25,"column":71}},{"start":{"line":25,"column":74},"end":{"line":25,"column":76}}],"line":25}},"s":{"0":1,"1":9,"2":9,"3":1,"4":9,"5":9,"6":9,"7":5,"8":5,"9":5,"10":5,"11":3,"12":3,"13":3,"14":5,"15":3,"16":3,"17":3,"18":5,"19":5,"20":1},"f":{"0":9,"1":5},"b":{"0":[9,5],"1":[1,8],"2":[9,4],"3":[9,5,4],"4":[4,5],"5":[3,2],"6":[3,2],"7":[4,1]},"_coverageSchema":"1a1c01bbd47fc00a2c39e90264f33305004495a9","hash":"8168d217291daf84bbfbcc8387a3cd0ea48fee11"}
,"C:\\Users\\User\\ReceitasGC\\src\\receita-utils.js": {"path":"C:\\Users\\User\\ReceitasGC\\src\\receita-utils.js","statementMap":{"0":{"start":{"line":2,"column":2},"end":{"line":2,"column":25}},"1":{"start":{"line":2,"column":14},"end":{"line":2,"column":25}},"2":{"start":{"line":3,"column":12},"end":{"line":3,"column":59}},"3":{"start":{"line":4,"column":2},"end":{"line":4,"column":54}},"4":{"start":{"line":4,"column":33},"end":{"line":4,"column":54}},"5":{"start":{"line":5,"column":2},"end":{"line":9,"column":5}},"6":{"start":{"line":13,"column":2},"end":{"line":19,"column":4}},"7":{"start":{"line":23,"column":12},"end":{"line":23,"column":72}},"8":{"start":{"line":24,"column":2},"end":{"line":24,"column":48}},"9":{"start":{"line":24,"column":36},"end":{"line":24,"column":48}},"10":{"start":{"line":25,"column":2},"end":{"line":25,"column":35}},"11":{"start":{"line":29,"column":2},"end":{"line":29,"column":20}},"12":{"start":{"line":29,"column":10},"end":{"line":29,"column":20}},"13":{"start":{"line":30,"column":2},"end":{"line":30,"column":61}},"14":{"start":{"line":30,"column":25},"end":{"line":30,"column":61}},"15":{"start":{"line":31,"column":12},"end":{"line":31,"column":21}},"16":{"start":{"line":32,"column":2},"end":{"line":32,"column":58}},"17":{"start":{"line":32,"column":36},"end":{"line":32,"column":58}},"18":{"start":{"line":33,"column":2},"end":{"line":38,"column":3}},"19":{"start":{"line":34,"column":14},"end":{"line":34,"column":25}},"20":{"start":{"line":35,"column":4},"end":{"line":35,"column":72}},"21":{"start":{"line":35,"column":36},"end":{"line":35,"column":72}},"22":{"start":{"line":39,"column":2},"end":{"line":39,"column":12}},"23":{"start":{"line":43,"column":2},"end":{"line":43,"column":52}},"24":{"start":{"line":46,"column":0},"end":{"line":52,"column":2}}},"fnMap":{"0":{"name":"formatDateBR","decl":{"start":{"line":1,"column":9},"end":{"line":1,"column":21}},"loc":{"start":{"line":1,"column":29},"end":{"line":10,"column":1}},"line":1},"1":{"name":"parseReceitaBody","decl":{"start":{"line":12,"column":9},"end":{"line":12,"column":25}},"loc":{"start":{"line":12,"column":32},"end":{"line":20,"column":1}},"line":12},"2":{"name":"parseCusto","decl":{"start":{"line":22,"column":9},"end":{"line":22,"column":19}},"loc":{"start":{"line":22,"column":25},"end":{"line":26,"column":1}},"line":22},"3":{"name":"toDateInputValue","decl":{"start":{"line":28,"column":9},"end":{"line":28,"column":25}},"loc":{"start":{"line":28,"column":29},"end":{"line":40,"column":1}},"line":28},"4":{"name":"custoDisplayFromDb","decl":{"start":{"line":42,"column":9},"end":{"line":42,"column":27}},"loc":{"start":{"line":42,"column":35},"end":{"line":44,"column":1}},"line":42}},"branchMap":{"0":{"loc":{"start":{"line":2,"column":2},"end":{"line":2,"column":25}},"type":"if","locations":[{"start":{"line":2,"column":2},"end":{"line":2,"column":25}},{"start":{},"end":{}}],"line":2},"1":{"loc":{"start":{"line":3,"column":12},"end":{"line":3,"column":59}},"type":"cond-expr","locations":[{"start":{"line":3,"column":36},"end":{"line":3,"column":41}},{"start":{"line":3,"column":44},"end":{"line":3,"column":59}}],"line":3},"2":{"loc":{"start":{"line":4,"column":2},"end":{"line":4,"column":54}},"type":"if","locations":[{"start":{"line":4,"column":2},"end":{"line":4,"column":54}},{"start":{},"end":{}}],"line":4},"3":{"loc":{"start":{"line":14,"column":17},"end":{"line":14,"column":32}},"type":"binary-expr","locations":[{"start":{"line":14,"column":17},"end":{"line":14,"column":26}},{"start":{"line":14,"column":30},"end":{"line":14,"column":32}}],"line":14},"4":{"loc":{"start":{"line":15,"column":22},"end":{"line":15,"column":42}},"type":"binary-expr","locations":[{"start":{"line":15,"column":22},"end":{"line":15,"column":36}},{"start":{"line":15,"column":40},"end":{"line":15,"column":42}}],"line":15},"5":{"loc":{"start":{"line":16,"column":26},"end":{"line":16,"column":50}},"type":"binary-expr","locations":[{"start":{"line":16,"column":26},"end":{"line":16,"column":44}},{"start":{"line":16,"column":48},"end":{"line":16,"column":50}}],"line":16},"6":{"loc":{"start":{"line":17,"column":18},"end":{"line":17,"column":34}},"type":"binary-expr","locations":[{"start":{"line":17,"column":18},"end":{"line":17,"column":28}},{"start":{"line":17,"column":32},"end":{"line":17,"column":34}}],"line":17},"7":{"loc":{"start":{"line":18,"column":25},"end":{"line":18,"column":48}},"type":"binary-expr","locations":[{"start":{"line":18,"column":25},"end":{"line":18,"column":42}},{"start":{"line":18,"column":46},"end":{"line":18,"column":48}}],"line":18},"8":{"loc":{"start":{"line":24,"column":2},"end":{"line":24,"column":48}},"type":"if","locations":[{"start":{"line":24,"column":2},"end":{"line":24,"column":48}},{"start":{},"end":{}}],"line":24},"9":{"loc":{"start":{"line":24,"column":6},"end":{"line":24,"column":34}},"type":"binary-expr","locations":[{"start":{"line":24,"column":6},"end":{"line":24,"column":25}},{"start":{"line":24,"column":29},"end":{"line":24,"column":34}}],"line":24},"10":{"loc":{"start":{"line":29,"column":2},"end":{"line":29,"column":20}},"type":"if","locations":[{"start":{"line":29,"column":2},"end":{"line":29,"column":20}},{"start":{},"end":{}}],"line":29},"11":{"loc":{"start":{"line":30,"column":2},"end":{"line":30,"column":61}},"type":"if","locations":[{"start":{"line":30,"column":2},"end":{"line":30,"column":61}},{"start":{},"end":{}}],"line":30},"12":{"loc":{"start":{"line":32,"column":2},"end":{"line":32,"column":58}},"type":"if","locations":[{"start":{"line":32,"column":2},"end":{"line":32,"column":58}},{"start":{},"end":{}}],"line":32},"13":{"loc":{"start":{"line":35,"column":4},"end":{"line":35,"column":72}},"type":"if","locations":[{"start":{"line":35,"column":4},"end":{"line":35,"column":72}},{"start":{},"end":{}}],"line":35}},"s":{"0":1,"1":0,"2":1,"3":1,"4":0,"5":1,"6":2,"7":9,"8":9,"9":2,"10":7,"11":3,"12":1,"13":2,"14":0,"15":2,"16":2,"17":1,"18":1,"19":1,"20":1,"21":0,"22":1,"23":2,"24":1},"f":{"0":1,"1":2,"2":9,"3":3,"4":2},"b":{"0":[0,1],"1":[1,0],"2":[0,1],"3":[2,1],"4":[2,1],"5":[2,1],"6":[2,1],"7":[2,1],"8":[2,7],"9":[9,8],"10":[1,2],"11":[0,2],"12":[1,1],"13":[0,1]},"_coverageSchema":"1a1c01bbd47fc00a2c39e90264f33305004495a9","hash":"460b003c4354a5666bbcae6533bf03d94d4c8b7c"}
,"C:\\Users\\User\\ReceitasGC\\src\\services\\receitas-pdf.js": {"path":"C:\\Users\\User\\ReceitasGC\\src\\services\\receitas-pdf.js","statementMap":{"0":{"start":{"line":1,"column":20},"end":{"line":1,"column":37}},"1":{"start":{"line":4,"column":2},"end":{"line":4,"column":25}},"2":{"start":{"line":4,"column":14},"end":{"line":4,"column":25}},"3":{"start":{"line":5,"column":12},"end":{"line":5,"column":59}},"4":{"start":{"line":6,"column":2},"end":{"line":6,"column":54}},"5":{"start":{"line":6,"column":33},"end":{"line":6,"column":54}},"6":{"start":{"line":7,"column":2},"end":{"line":7,"column":39}},"7":{"start":{"line":11,"column":16},"end":{"line":11,"column":18}},"8":{"start":{"line":12,"column":2},"end":{"line":12,"column":99}},"9":{"start":{"line":12,"column":28},"end":{"line":12,"column":99}},"10":{"start":{"line":13,"column":2},"end":{"line":13,"column":99}},"11":{"start":{"line":13,"column":28},"end":{"line":13,"column":99}},"12":{"start":{"line":14,"column":2},"end":{"line":14,"column":78}},"13":{"start":{"line":18,"column":18},"end":{"line":30,"column":3}},"14":{"start":{"line":33,"column":4},"end":{"line":33,"column":36}},"15":{"start":{"line":33,"column":22},"end":{"line":33,"column":36}},"16":{"start":{"line":34,"column":4},"end":{"line":34,"column":42}},"17":{"start":{"line":34,"column":25},"end":{"line":34,"column":42}},"18":{"start":{"line":35,"column":4},"end":{"line":35,"column":28}},"19":{"start":{"line":39,"column":14},"end":{"line":39,"column":16}},"20":{"start":{"line":40,"column":4},"end":{"line":40,"column":79}},"21":{"start":{"line":40,"column":30},"end":{"line":40,"column":79}},"22":{"start":{"line":41,"column":4},"end":{"line":41,"column":81}},"23":{"start":{"line":41,"column":30},"end":{"line":41,"column":81}},"24":{"start":{"line":42,"column":4},"end":{"line":42,"column":76}},"25":{"start":{"line":45,"column":2},"end":{"line":45,"column":51}},"26":{"start":{"line":46,"column":2},"end":{"line":46,"column":78}},"27":{"start":{"line":48,"column":12},"end":{"line":48,"column":14}},"28":{"start":{"line":49,"column":14},"end":{"line":53,"column":4}},"29":{"start":{"line":54,"column":2},"end":{"line":54,"column":16}},"30":{"start":{"line":56,"column":16},"end":{"line":56,"column":30}},"31":{"start":{"line":57,"column":19},"end":{"line":57,"column":32}},"32":{"start":{"line":60,"column":4},"end":{"line":60,"column":57}},"33":{"start":{"line":63,"column":16},"end":{"line":63,"column":18}},"34":{"start":{"line":64,"column":2},"end":{"line":64,"column":13}},"35":{"start":{"line":65,"column":2},"end":{"line":65,"column":54}},"36":{"start":{"line":66,"column":2},"end":{"line":66,"column":16}},"37":{"start":{"line":67,"column":2},"end":{"line":67,"column":63}},"38":{"start":{"line":68,"column":2},"end":{"line":68,"column":54}},"39":{"start":{"line":69,"column":2},"end":{"line":69,"column":68}},"40":{"start":{"line":70,"column":2},"end":{"line":70,"column":64}},"41":{"start":{"line":72,"column":10},"end":{"line":72,"column":20}},"42":{"start":{"line":73,"column":2},"end":{"line":73,"column":12}},"43":{"start":{"line":75,"column":16},"end":{"line":75,"column":18}},"44":{"start":{"line":76,"column":2},"end":{"line":76,"column":13}},"45":{"start":{"line":77,"column":2},"end":{"line":77,"column":55}},"46":{"start":{"line":78,"column":2},"end":{"line":78,"column":90}},"47":{"start":{"line":79,"column":2},"end":{"line":79,"column":16}},"48":{"start":{"line":80,"column":2},"end":{"line":80,"column":70}},"49":{"start":{"line":81,"column":2},"end":{"line":81,"column":40}},"50":{"start":{"line":82,"column":2},"end":{"line":82,"column":60}},"51":{"start":{"line":83,"column":2},"end":{"line":83,"column":89}},"52":{"start":{"line":84,"column":2},"end":{"line":84,"column":70}},"53":{"start":{"line":85,"column":2},"end":{"line":85,"column":48}},"54":{"start":{"line":86,"column":2},"end":{"line":86,"column":60}},"55":{"start":{"line":87,"column":2},"end":{"line":87,"column":72}},"56":{"start":{"line":89,"column":2},"end":{"line":89,"column":18}},"57":{"start":{"line":90,"column":2},"end":{"line":90,"column":12}},"58":{"start":{"line":92,"column":2},"end":{"line":99,"column":3}},"59":{"start":{"line":93,"column":4},"end":{"line":93,"column":68}},"60":{"start":{"line":94,"column":4},"end":{"line":94,"column":97}},"61":{"start":{"line":95,"column":4},"end":{"line":95,"column":20}},"62":{"start":{"line":96,"column":4},"end":{"line":96,"column":120}},"63":{"start":{"line":97,"column":4},"end":{"line":97,"column":14}},"64":{"start":{"line":98,"column":4},"end":{"line":98,"column":11}},"65":{"start":{"line":101,"column":13},"end":{"line":101,"column":14}},"66":{"start":{"line":102,"column":17},"end":{"line":102,"column":18}},"67":{"start":{"line":103,"column":30},"end":{"line":103,"column":40}},"68":{"start":{"line":104,"column":15},"end":{"line":104,"column":17}},"69":{"start":{"line":105,"column":16},"end":{"line":105,"column":18}},"70":{"start":{"line":106,"column":16},"end":{"line":106,"column":18}},"71":{"start":{"line":107,"column":17},"end":{"line":107,"column":19}},"72":{"start":{"line":108,"column":16},"end":{"line":108,"column":78}},"73":{"start":{"line":109,"column":16},"end":{"line":109,"column":34}},"74":{"start":{"line":110,"column":16},"end":{"line":110,"column":38}},"75":{"start":{"line":111,"column":16},"end":{"line":111,"column":38}},"76":{"start":{"line":112,"column":17},"end":{"line":112,"column":39}},"77":{"start":{"line":113,"column":21},"end":{"line":113,"column":31}},"78":{"start":{"line":114,"column":17},"end":{"line":114,"column":18}},"79":{"start":{"line":115,"column":16},"end":{"line":115,"column":18}},"80":{"start":{"line":116,"column":21},"end":{"line":116,"column":23}},"81":{"start":{"line":119,"column":15},"end":{"line":119,"column":20}},"82":{"start":{"line":120,"column":4},"end":{"line":120,"column":15}},"83":{"start":{"line":121,"column":4},"end":{"line":121,"column":62}},"84":{"start":{"line":122,"column":4},"end":{"line":122,"column":18}},"85":{"start":{"line":123,"column":4},"end":{"line":123,"column":64}},"86":{"start":{"line":124,"column":4},"end":{"line":124,"column":51}},"87":{"start":{"line":125,"column":4},"end":{"line":125,"column":54}},"88":{"start":{"line":126,"column":4},"end":{"line":126,"column":54}},"89":{"start":{"line":127,"column":4},"end":{"line":127,"column":54}},"90":{"start":{"line":128,"column":4},"end":{"line":128,"column":81}},"91":{"start":{"line":129,"column":4},"end":{"line":129,"column":23}},"92":{"start":{"line":130,"column":4},"end":{"line":130,"column":32}},"93":{"start":{"line":134,"column":16},"end":{"line":134,"column":17}},"94":{"start":{"line":135,"column":4},"end":{"line":144,"column":5}},"95":{"start":{"line":136,"column":6},"end":{"line":136,"column":17}},"96":{"start":{"line":137,"column":6},"end":{"line":137,"column":20}},"97":{"start":{"line":138,"column":6},"end":{"line":138,"column":35}},"98":{"start":{"line":139,"column":6},"end":{"line":139,"column":77}},"99":{"start":{"line":140,"column":6},"end":{"line":140,"column":54}},"100":{"start":{"line":141,"column":6},"end":{"line":141,"column":24}},"101":{"start":{"line":142,"column":6},"end":{"line":142,"column":34}},"102":{"start":{"line":143,"column":6},"end":{"line":143,"column":27}},"103":{"start":{"line":147,"column":2},"end":{"line":147,"column":23}},"104":{"start":{"line":149,"column":2},"end":{"line":208,"column":5}},"105":{"start":{"line":150,"column":17},"end":{"line":152,"column":13}},"106":{"start":{"line":153,"column":20},"end":{"line":153,"column":33}},"107":{"start":{"line":154,"column":21},"end":{"line":154,"column":36}},"108":{"start":{"line":155,"column":22},"end":{"line":155,"column":50}},"109":{"start":{"line":156,"column":19},"end":{"line":156,"column":39}},"110":{"start":{"line":158,"column":4},"end":{"line":158,"column":30}},"111":{"start":{"line":160,"column":15},"end":{"line":160,"column":20}},"112":{"start":{"line":161,"column":17},"end":{"line":161,"column":61}},"113":{"start":{"line":162,"column":4},"end":{"line":162,"column":15}},"114":{"start":{"line":163,"column":4},"end":{"line":163,"column":52}},"115":{"start":{"line":164,"column":4},"end":{"line":164,"column":94}},"116":{"start":{"line":165,"column":4},"end":{"line":165,"column":18}},"117":{"start":{"line":167,"column":4},"end":{"line":167,"column":69}},"118":{"start":{"line":168,"column":4},"end":{"line":168,"column":69}},"119":{"start":{"line":169,"column":4},"end":{"line":169,"column":67}},"120":{"start":{"line":170,"column":4},"end":{"line":170,"column":94}},"121":{"start":{"line":171,"column":4},"end":{"line":171,"column":67}},"122":{"start":{"line":172,"column":4},"end":{"line":172,"column":80}},"123":{"start":{"line":173,"column":4},"end":{"line":173,"column":87}},"124":{"start":{"line":174,"column":4},"end":{"line":174,"column":67}},"125":{"start":{"line":175,"column":4},"end":{"line":178,"column":7}},"126":{"start":{"line":180,"column":4},"end":{"line":180,"column":26}},"127":{"start":{"line":182,"column":4},"end":{"line":205,"column":5}},"128":{"start":{"line":183,"column":22},"end":{"line":183,"column":75}},"129":{"start":{"line":184,"column":21},"end":{"line":184,"column":26}},"130":{"start":{"line":185,"column":6},"end":{"line":185,"column":17}},"131":{"start":{"line":186,"column":6},"end":{"line":186,"column":64}},"132":{"start":{"line":187,"column":6},"end":{"line":191,"column":18}},"133":{"start":{"line":192,"column":6},"end":{"line":192,"column":20}},"134":{"start":{"line":193,"column":6},"end":{"line":193,"column":69}},"135":{"start":{"line":194,"column":20},"end":{"line":197,"column":7}},"136":{"start":{"line":198,"column":6},"end":{"line":203,"column":9}},"137":{"start":{"line":204,"column":6},"end":{"line":204,"column":38}},"138":{"start":{"line":207,"column":4},"end":{"line":207,"column":20}},"139":{"start":{"line":210,"column":2},"end":{"line":210,"column":70}},"140":{"start":{"line":211,"column":2},"end":{"line":211,"column":95}},"141":{"start":{"line":212,"column":2},"end":{"line":212,"column":20}},"142":{"start":{"line":213,"column":2},"end":{"line":213,"column":65}},"143":{"start":{"line":214,"column":2},"end":{"line":217,"column":5}},"144":{"start":{"line":219,"column":2},"end":{"line":219,"column":12}},"145":{"start":{"line":222,"column":0},"end":{"line":226,"column":2}}},"fnMap":{"0":{"name":"formatDatePdf","decl":{"start":{"line":3,"column":9},"end":{"line":3,"column":22}},"loc":{"start":{"line":3,"column":30},"end":{"line":8,"column":1}},"line":3},"1":{"name":"buildPdfExportHref","decl":{"start":{"line":10,"column":9},"end":{"line":10,"column":27}},"loc":{"start":{"line":10,"column":37},"end":{"line":15,"column":1}},"line":10},"2":{"name":"streamReceitasPdf","decl":{"start":{"line":17,"column":9},"end":{"line":17,"column":26}},"loc":{"start":{"line":17,"column":47},"end":{"line":220,"column":1}},"line":17},"3":{"name":"tipoPdf","decl":{"start":{"line":32,"column":11},"end":{"line":32,"column":18}},"loc":{"start":{"line":32,"column":22},"end":{"line":36,"column":3}},"line":32},"4":{"name":"textoFiltrosPdf","decl":{"start":{"line":38,"column":11},"end":{"line":38,"column":26}},"loc":{"start":{"line":38,"column":29},"end":{"line":43,"column":3}},"line":38},"5":{"name":"maxY","decl":{"start":{"line":59,"column":11},"end":{"line":59,"column":15}},"loc":{"start":{"line":59,"column":18},"end":{"line":61,"column":3}},"line":59},"6":{"name":"drawTableHeaderPdf","decl":{"start":{"line":118,"column":11},"end":{"line":118,"column":29}},"loc":{"start":{"line":118,"column":32},"end":{"line":131,"column":3}},"line":118},"7":{"name":"needSpacePdf","decl":{"start":{"line":133,"column":11},"end":{"line":133,"column":23}},"loc":{"start":{"line":133,"column":32},"end":{"line":145,"column":3}},"line":133},"8":{"name":"(anonymous_8)","decl":{"start":{"line":149,"column":15},"end":{"line":149,"column":16}},"loc":{"start":{"line":149,"column":27},"end":{"line":208,"column":3}},"line":149}},"branchMap":{"0":{"loc":{"start":{"line":4,"column":2},"end":{"line":4,"column":25}},"type":"if","locations":[{"start":{"line":4,"column":2},"end":{"line":4,"column":25}},{"start":{},"end":{}}],"line":4},"1":{"loc":{"start":{"line":5,"column":12},"end":{"line":5,"column":59}},"type":"cond-expr","locations":[{"start":{"line":5,"column":36},"end":{"line":5,"column":41}},{"start":{"line":5,"column":44},"end":{"line":5,"column":59}}],"line":5},"2":{"loc":{"start":{"line":6,"column":2},"end":{"line":6,"column":54}},"type":"if","locations":[{"start":{"line":6,"column":2},"end":{"line":6,"column":54}},{"start":{},"end":{}}],"line":6},"3":{"loc":{"start":{"line":12,"column":2},"end":{"line":12,"column":99}},"type":"if","locations":[{"start":{"line":12,"column":2},"end":{"line":12,"column":99}},{"start":{},"end":{}}],"line":12},"4":{"loc":{"start":{"line":13,"column":2},"end":{"line":13,"column":99}},"type":"if","locations":[{"start":{"line":13,"column":2},"end":{"line":13,"column":99}},{"start":{},"end":{}}],"line":13},"5":{"loc":{"start":{"line":14,"column":34},"end":{"line":14,"column":75}},"type":"cond-expr","locations":[{"start":{"line":14,"column":49},"end":{"line":14,"column":70}},{"start":{"line":14,"column":73},"end":{"line":14,"column":75}}],"line":14},"6":{"loc":{"start":{"line":33,"column":4},"end":{"line":33,"column":36}},"type":"if","locations":[{"start":{"line":33,"column":4},"end":{"line":33,"column":36}},{"start":{},"end":{}}],"line":33},"7":{"loc":{"start":{"line":34,"column":4},"end":{"line":34,"column":42}},"type":"if","locations":[{"start":{"line":34,"column":4},"end":{"line":34,"column":42}},{"start":{},"end":{}}],"line":34},"8":{"loc":{"start":{"line":35,"column":18},"end":{"line":35,"column":26}},"type":"binary-expr","locations":[{"start":{"line":35,"column":18},"end":{"line":35,"column":19}},{"start":{"line":35,"column":23},"end":{"line":35,"column":26}}],"line":35},"9":{"loc":{"start":{"line":40,"column":4},"end":{"line":40,"column":79}},"type":"if","locations":[{"start":{"line":40,"column":4},"end":{"line":40,"column":79}},{"start":{},"end":{}}],"line":40},"10":{"loc":{"start":{"line":41,"column":4},"end":{"line":41,"column":81}},"type":"if","locations":[{"start":{"line":41,"column":4},"end":{"line":41,"column":81}},{"start":{},"end":{}}],"line":41},"11":{"loc":{"start":{"line":42,"column":11},"end":{"line":42,"column":75}},"type":"cond-expr","locations":[{"start":{"line":42,"column":22},"end":{"line":42,"column":37}},{"start":{"line":42,"column":40},"end":{"line":42,"column":75}}],"line":42},"12":{"loc":{"start":{"line":92,"column":2},"end":{"line":99,"column":3}},"type":"if","locations":[{"start":{"line":92,"column":2},"end":{"line":99,"column":3}},{"start":{},"end":{}}],"line":92},"13":{"loc":{"start":{"line":135,"column":11},"end":{"line":135,"column":48}},"type":"binary-expr","locations":[{"start":{"line":135,"column":11},"end":{"line":135,"column":34}},{"start":{"line":135,"column":38},"end":{"line":135,"column":48}}],"line":135},"14":{"loc":{"start":{"line":150,"column":24},"end":{"line":150,"column":41}},"type":"binary-expr","locations":[{"start":{"line":150,"column":24},"end":{"line":150,"column":35}},{"start":{"line":150,"column":39},"end":{"line":150,"column":41}}],"line":150},"15":{"loc":{"start":{"line":155,"column":22},"end":{"line":155,"column":50}},"type":"cond-expr","locations":[{"start":{"line":155,"column":32},"end":{"line":155,"column":46}},{"start":{"line":155,"column":49},"end":{"line":155,"column":50}}],"line":155},"16":{"loc":{"start":{"line":161,"column":17},"end":{"line":161,"column":61}},"type":"cond-expr","locations":[{"start":{"line":161,"column":33},"end":{"line":161,"column":47}},{"start":{"line":161,"column":50},"end":{"line":161,"column":61}}],"line":161},"17":{"loc":{"start":{"line":170,"column":20},"end":{"line":170,"column":33}},"type":"binary-expr","locations":[{"start":{"line":170,"column":20},"end":{"line":170,"column":26}},{"start":{"line":170,"column":30},"end":{"line":170,"column":33}}],"line":170},"18":{"loc":{"start":{"line":182,"column":4},"end":{"line":205,"column":5}},"type":"if","locations":[{"start":{"line":182,"column":4},"end":{"line":205,"column":5}},{"start":{},"end":{}}],"line":182},"19":{"loc":{"start":{"line":183,"column":22},"end":{"line":183,"column":75}},"type":"cond-expr","locations":[{"start":{"line":183,"column":42},"end":{"line":183,"column":68}},{"start":{"line":183,"column":71},"end":{"line":183,"column":75}}],"line":183}},"s":{"0":1,"1":1,"2":0,"3":1,"4":1,"5":1,"6":0,"7":3,"8":3,"9":2,"10":3,"11":1,"12":3,"13":0,"14":0,"15":0,"16":0,"17":0,"18":0,"19":0,"20":0,"21":0,"22":0,"23":0,"24":0,"25":0,"26":0,"27":0,"28":0,"29":0,"30":0,"31":0,"32":0,"33":0,"34":0,"35":0,"36":0,"37":0,"38":0,"39":0,"40":0,"41":0,"42":0,"43":0,"44":0,"45":0,"46":0,"47":0,"48":0,"49":0,"50":0,"51":0,"52":0,"53":0,"54":0,"55":0,"56":0,"57":0,"58":0,"59":0,"60":0,"61":0,"62":0,"63":0,"64":0,"65":0,"66":0,"67":0,"68":0,"69":0,"70":0,"71":0,"72":0,"73":0,"74":0,"75":0,"76":0,"77":0,"78":0,"79":0,"80":0,"81":0,"82":0,"83":0,"84":0,"85":0,"86":0,"87":0,"88":0,"89":0,"90":0,"91":0,"92":0,"93":0,"94":0,"95":0,"96":0,"97":0,"98":0,"99":0,"100":0,"101":0,"102":0,"103":0,"104":0,"105":0,"106":0,"107":0,"108":0,"109":0,"110":0,"111":0,"112":0,"113":0,"114":0,"115":0,"116":0,"117":0,"118":0,"119":0,"120":0,"121":0,"122":0,"123":0,"124":0,"125":0,"126":0,"127":0,"128":0,"129":0,"130":0,"131":0,"132":0,"133":0,"134":0,"135":0,"136":0,"137":0,"138":0,"139":0,"140":0,"141":0,"142":0,"143":0,"144":0,"145":1},"f":{"0":1,"1":3,"2":0,"3":0,"4":0,"5":0,"6":0,"7":0,"8":0},"b":{"0":[0,1],"1":[0,1],"2":[1,0],"3":[2,1],"4":[1,2],"5":[2,1],"6":[0,0],"7":[0,0],"8":[0,0],"9":[0,0],"10":[0,0],"11":[0,0],"12":[0,0],"13":[0,0],"14":[0,0],"15":[0,0],"16":[0,0],"17":[0,0],"18":[0,0],"19":[0,0]},"_coverageSchema":"1a1c01bbd47fc00a2c39e90264f33305004495a9","hash":"de324fb94b8dc48e88b97cae06a0d0c9f92584fb"}
}
