TN:
SF:src\receita-filters.js
FN:3,normalizeReceitaListFilters
FN:11,buildReceitaListWhere
FNF:2
FNH:2
FNDA:9,normalizeReceitaListFilters
FNDA:5,buildReceitaListWhere
DA:1,1
DA:4,9
DA:5,9
DA:6,9
DA:7,9
DA:8,9
DA:12,5
DA:13,5
DA:14,5
DA:15,5
DA:16,3
DA:17,3
DA:18,3
DA:20,5
DA:21,3
DA:22,3
DA:23,3
DA:25,5
DA:26,5
DA:29,1
LF:20
LH:20
BRDA:4,0,0,9
BRDA:4,0,1,5
BRDA:5,1,0,1
BRDA:5,1,1,8
BRDA:5,2,0,9
BRDA:5,2,1,4
BRDA:6,3,0,9
BRDA:6,3,1,5
BRDA:6,3,2,4
BRDA:7,4,0,4
BRDA:7,4,1,5
BRDA:15,5,0,3
BRDA:15,5,1,2
BRDA:20,6,0,3
BRDA:20,6,1,2
BRDA:25,7,0,4
BRDA:25,7,1,1
BRF:17
BRH:17
end_of_record
TN:
SF:src\receita-utils.js
FN:1,formatDateBR
FN:12,parseReceitaBody
FN:22,parseCusto
FN:28,toDateInputValue
FN:42,custoDisplayFromDb
FNF:5
FNH:5
FNDA:1,formatDateBR
FNDA:2,parseReceitaBody
FNDA:9,parseCusto
FNDA:3,toDateInputValue
FNDA:2,custoDisplayFromDb
DA:2,1
DA:3,1
DA:4,1
DA:5,1
DA:13,2
DA:23,9
DA:24,9
DA:25,7
DA:29,3
DA:30,2
DA:31,2
DA:32,2
DA:33,1
DA:34,1
DA:35,1
DA:39,1
DA:43,2
DA:46,1
LF:18
LH:18
BRDA:2,0,0,0
BRDA:2,0,1,1
BRDA:3,1,0,1
BRDA:3,1,1,0
BRDA:4,2,0,0
BRDA:4,2,1,1
BRDA:14,3,0,2
BRDA:14,3,1,1
BRDA:15,4,0,2
BRDA:15,4,1,1
BRDA:16,5,0,2
BRDA:16,5,1,1
BRDA:17,6,0,2
BRDA:17,6,1,1
BRDA:18,7,0,2
BRDA:18,7,1,1
BRDA:24,8,0,2
BRDA:24,8,1,7
BRDA:24,9,0,9
BRDA:24,9,1,8
BRDA:29,10,0,1
BRDA:29,10,1,2
BRDA:30,11,0,0
BRDA:30,11,1,2
BRDA:32,12,0,1
BRDA:32,12,1,1
BRDA:35,13,0,0
BRDA:35,13,1,1
BRF:28
BRH:23
end_of_record
TN:
SF:src\services\receitas-pdf.js
FN:3,formatDatePdf
FN:10,buildPdfExportHref
FN:17,streamReceitasPdf
FN:32,tipoPdf
FN:38,textoFiltrosPdf
FN:59,maxY
FN:118,drawTableHeaderPdf
FN:133,needSpacePdf
FN:149,(anonymous_8)
FNF:9
FNH:2
FNDA:1,formatDatePdf
FNDA:3,buildPdfExportHref
FNDA:0,streamReceitasPdf
FNDA:0,tipoPdf
FNDA:0,textoFiltrosPdf
FNDA:0,maxY
FNDA:0,drawTableHeaderPdf
FNDA:0,needSpacePdf
FNDA:0,(anonymous_8)
DA:1,1
DA:4,1
DA:5,1
DA:6,1
DA:7,0
DA:11,3
DA:12,3
DA:13,3
DA:14,3
DA:18,0
DA:33,0
DA:34,0
DA:35,0
DA:39,0
DA:40,0
DA:41,0
DA:42,0
DA:45,0
DA:46,0
DA:48,0
DA:49,0
DA:54,0
DA:56,0
DA:57,0
DA:60,0
DA:63,0
DA:64,0
DA:65,0
DA:66,0
DA:67,0
DA:68,0
DA:69,0
DA:70,0
DA:72,0
DA:73,0
DA:75,0
DA:76,0
DA:77,0
DA:78,0
DA:79,0
DA:80,0
DA:81,0
DA:82,0
DA:83,0
DA:84,0
DA:85,0
DA:86,0
DA:87,0
DA:89,0
DA:90,0
DA:92,0
DA:93,0
DA:94,0
DA:95,0
DA:96,0
DA:97,0
DA:98,0
DA:101,0
DA:102,0
DA:103,0
DA:104,0
DA:105,0
DA:106,0
DA:107,0
DA:108,0
DA:109,0
DA:110,0
DA:111,0
DA:112,0
DA:113,0
DA:114,0
DA:115,0
DA:116,0
DA:119,0
DA:120,0
DA:121,0
DA:122,0
DA:123,0
DA:124,0
DA:125,0
DA:126,0
DA:127,0
DA:128,0
DA:129,0
DA:130,0
DA:134,0
DA:135,0
DA:136,0
DA:137,0
DA:138,0
DA:139,0
DA:140,0
DA:141,0
DA:142,0
DA:143,0
DA:147,0
DA:149,0
DA:150,0
DA:153,0
DA:154,0
DA:155,0
DA:156,0
DA:158,0
DA:160,0
DA:161,0
DA:162,0
DA:163,0
DA:164,0
DA:165,0
DA:167,0
DA:168,0
DA:169,0
DA:170,0
DA:171,0
DA:172,0
DA:173,0
DA:174,0
DA:175,0
DA:180,0
DA:182,0
DA:183,0
DA:184,0
DA:185,0
DA:186,0
DA:187,0
DA:192,0
DA:193,0
DA:194,0
DA:198,0
DA:204,0
DA:207,0
DA:210,0
DA:211,0
DA:212,0
DA:213,0
DA:214,0
DA:219,0
DA:222,1
LF:138
LH:9
BRDA:4,0,0,0
BRDA:4,0,1,1
BRDA:5,1,0,0
BRDA:5,1,1,1
BRDA:6,2,0,1
BRDA:6,2,1,0
BRDA:12,3,0,2
BRDA:12,3,1,1
BRDA:13,4,0,1
BRDA:13,4,1,2
BRDA:14,5,0,2
BRDA:14,5,1,1
BRDA:33,6,0,0
BRDA:33,6,1,0
BRDA:34,7,0,0
BRDA:34,7,1,0
BRDA:35,8,0,0
BRDA:35,8,1,0
BRDA:40,9,0,0
BRDA:40,9,1,0
BRDA:41,10,0,0
BRDA:41,10,1,0
BRDA:42,11,0,0
BRDA:42,11,1,0
BRDA:92,12,0,0
BRDA:92,12,1,0
BRDA:135,13,0,0
BRDA:135,13,1,0
BRDA:150,14,0,0
BRDA:150,14,1,0
BRDA:155,15,0,0
BRDA:155,15,1,0
BRDA:161,16,0,0
BRDA:161,16,1,0
BRDA:170,17,0,0
BRDA:170,17,1,0
BRDA:182,18,0,0
BRDA:182,18,1,0
BRDA:183,19,0,0
BRDA:183,19,1,0
BRF:40
BRH:9
end_of_record
