TN:
SF:src\receita-utils.js
FN:3,normalizeReceitaListFilters
FN:11,buildReceitaListWhere
FN:29,buildPdfExportHref
FN:36,formatDatePdf
FN:43,formatDateBR
FN:54,parseReceitaBody
FN:64,parseCusto
FN:70,toDateInputValue
FN:84,custoDisplayFromDb
FNF:9
FNH:9
FNDA:9,normalizeReceitaListFilters
FNDA:5,buildReceitaListWhere
FNDA:3,buildPdfExportHref
FNDA:1,formatDatePdf
FNDA:1,formatDateBR
FNDA:2,parseReceitaBody
FNDA:9,parseCusto
FNDA:3,toDateInputValue
FNDA:2,custoDisplayFromDb
DA:1,1
DA:4,9
DA:5,9
DA:6,9
DA:7,9
DA:8,9
DA:12,5
DA:13,5
DA:14,5
DA:15,5
DA:16,3
DA:17,3
DA:18,3
DA:20,5
DA:21,3
DA:22,3
DA:23,3
DA:25,5
DA:26,5
DA:30,3
DA:31,3
DA:32,3
DA:33,3
DA:37,1
DA:38,1
DA:39,1
DA:40,0
DA:44,1
DA:45,1
DA:46,1
DA:47,1
DA:55,2
DA:65,9
DA:66,9
DA:67,7
DA:71,3
DA:72,2
DA:73,2
DA:74,2
DA:75,1
DA:76,1
DA:77,1
DA:81,1
DA:85,2
DA:88,1
LF:45
LH:44
BRDA:4,0,0,9
BRDA:4,0,1,5
BRDA:5,1,0,1
BRDA:5,1,1,8
BRDA:5,2,0,9
BRDA:5,2,1,4
BRDA:6,3,0,9
BRDA:6,3,1,5
BRDA:6,3,2,4
BRDA:7,4,0,4
BRDA:7,4,1,5
BRDA:15,5,0,3
BRDA:15,5,1,2
BRDA:20,6,0,3
BRDA:20,6,1,2
BRDA:25,7,0,4
BRDA:25,7,1,1
BRDA:31,8,0,2
BRDA:31,8,1,1
BRDA:32,9,0,1
BRDA:32,9,1,2
BRDA:33,10,0,2
BRDA:33,10,1,1
BRDA:37,11,0,0
BRDA:37,11,1,1
BRDA:38,12,0,0
BRDA:38,12,1,1
BRDA:39,13,0,1
BRDA:39,13,1,0
BRDA:44,14,0,0
BRDA:44,14,1,1
BRDA:45,15,0,1
BRDA:45,15,1,0
BRDA:46,16,0,0
BRDA:46,16,1,1
BRDA:56,17,0,2
BRDA:56,17,1,1
BRDA:57,18,0,2
BRDA:57,18,1,1
BRDA:58,19,0,2
BRDA:58,19,1,1
BRDA:59,20,0,2
BRDA:59,20,1,1
BRDA:60,21,0,2
BRDA:60,21,1,1
BRDA:66,22,0,2
BRDA:66,22,1,7
BRDA:66,23,0,9
BRDA:66,23,1,8
BRDA:71,24,0,1
BRDA:71,24,1,2
BRDA:72,25,0,0
BRDA:72,25,1,2
BRDA:74,26,0,1
BRDA:74,26,1,1
BRDA:77,27,0,0
BRDA:77,27,1,1
BRF:57
BRH:49
end_of_record
